<?xml version="1.0" encoding="UTF-8"?>
<!-- Generated by org.testng.reporters.JUnitReportReporter -->
<testsuite hostname="SandraArun" failures="0" tests="3" name="testScripts.CategoryTest" time="23.462" errors="0" timestamp="2025-01-06T10:23:27 IST" skipped="0">
  <testcase classname="testScripts.CategoryTest" name="createNewCategory" time="8.789"/>
  <system-out/>
  <testcase classname="testScripts.CategoryTest" name="dacategorySearch" time="5.920"/>
  <system-out/>
  <testcase classname="testScripts.CategoryTest" name="deleteCategoryfromSearchResult" time="8.753"/>
  <system-out/>
</testsuite> <!-- testScripts.CategoryTest -->
