<?xml version="1.0" encoding="UTF-8"?>
<!-- Generated by org.testng.reporters.JUnitReportReporter -->
<testsuite hostname="SandraArun" failures="0" tests="6" name="testScripts.AdminUsersPageTest" time="34.241" errors="0" timestamp="2025-01-09T08:59:28 IST" skipped="0">
  <testcase classname="testScripts.AdminUsersPageTest" name="verifyAdminUserSearch" time="5.942"/>
  <system-out/>
  <testcase classname="testScripts.AdminUsersPageTest" name="verifyToDeleteAdminUser" time="5.595"/>
  <system-out/>
  <testcase classname="testScripts.AdminUsersPageTest" name="verifyToDeleteAdminUser" time="4.955"/>
  <system-out/>
  <testcase classname="testScripts.AdminUsersPageTest" name="verifyAddNewAdminUser" time="6.156"/>
  <system-out/>
  <testcase classname="testScripts.AdminUsersPageTest" name="verifyAdminUserSearch" time="4.887"/>
  <system-out/>
  <testcase classname="testScripts.AdminUsersPageTest" name="verifyAddNewAdminUser" time="6.706"/>
  <system-out/>
</testsuite> <!-- testScripts.AdminUsersPageTest -->
