<?xml version="1.0" encoding="UTF-8"?>
<!-- Generated by org.testng.reporters.JUnitReportReporter -->
<testsuite hostname="SandraArun" failures="0" tests="2" name="testScripts.LoginPageTest" time="13.017" errors="0" timestamp="2025-01-14T15:54:14 IST" skipped="0">
  <testcase classname="testScripts.LoginPageTest" name="verifyLoginWithInvalidUserName" time="7.927"/>
  <system-out/>
  <testcase classname="testScripts.LoginPageTest" name="verifyLoginWithInvalidPassword" time="5.090"/>
  <system-out/>
</testsuite> <!-- testScripts.LoginPageTest -->
