<?xml version="1.0" encoding="UTF-8"?>
<!-- Generated by org.testng.reporters.JUnitReportReporter -->
<testsuite hostname="SandraArun" failures="0" tests="3" name="testScripts.CategoryTest" time="19.201" errors="0" timestamp="2025-01-09T03:42:16 IST" skipped="0">
  <testcase classname="testScripts.CategoryTest" name="verifyCreateNewCategory" time="8.812"/>
  <system-out/>
  <testcase classname="testScripts.CategoryTest" name="verifyCategorySearch" time="4.516"/>
  <system-out/>
  <testcase classname="testScripts.CategoryTest" name="verifyDeleteCategoryfromSearchResult" time="5.873"/>
  <system-out/>
</testsuite> <!-- testScripts.CategoryTest -->
