<?xml version="1.0" encoding="UTF-8"?>
<!-- Generated by org.testng.reporters.JUnitReportReporter -->
<testsuite hostname="SandraArun" failures="0" tests="1" name="testScripts.ManageNewsTest" time="5.795" errors="0" timestamp="2025-01-09T04:20:51 IST" skipped="0">
  <testcase classname="testScripts.ManageNewsTest" name="enterNewsInfo" time="5.795"/>
  <system-out/>
</testsuite> <!-- testScripts.ManageNewsTest -->
