<?xml version="1.0" encoding="UTF-8"?>
<!-- Generated by org.testng.reporters.JUnitReportReporter -->
<testsuite hostname="SandraArun" failures="0" tests="3" name="testScripts.AdminUsersPageTest" time="19.382" errors="0" timestamp="2025-01-09T01:37:21 IST" skipped="0">
  <testcase classname="testScripts.AdminUsersPageTest" name="verifyToDeleteAdminUser" time="6.544"/>
  <system-out/>
  <testcase classname="testScripts.AdminUsersPageTest" name="verifyAdminUserSearch" time="4.382"/>
  <system-out/>
  <testcase classname="testScripts.AdminUsersPageTest" name="verifyAddNewAdminUser" time="8.456"/>
  <system-out/>
</testsuite> <!-- testScripts.AdminUsersPageTest -->
