<?xml version="1.0" encoding="UTF-8"?>
<!-- Generated by org.testng.reporters.JUnitReportReporter -->
<testsuite hostname="SandraArun" failures="0" tests="1" name="testScripts.HomePageTest" time="4.742" errors="0" timestamp="2025-01-09T03:48:44 IST" skipped="0">
  <testcase classname="testScripts.HomePageTest" name="verifyUserisAbleToLogout" time="4.742"/>
  <system-out/>
</testsuite> <!-- testScripts.HomePageTest -->
