<?xml version="1.0" encoding="UTF-8"?>
<!-- Generated by org.testng.reporters.JUnitReportReporter -->
<testsuite hostname="SandraArun" failures="0" tests="1" name="testScripts.AdminUsersPageTest" time="5.070" errors="0" timestamp="2025-01-01T11:29:21 IST" skipped="0">
  <testcase classname="testScripts.AdminUsersPageTest" name="adminUserSearch" time="5.070"/>
  <system-out/>
</testsuite> <!-- testScripts.AdminUsersPageTest -->
