<?xml version="1.0" encoding="UTF-8"?>
<!-- Generated by org.testng.reporters.JUnitReportReporter -->
<testsuite hostname="SandraArun" failures="0" tests="1" name="testScripts.FunTest" time="2.719" errors="0" timestamp="2025-01-04T00:39:27 IST" skipped="0">
  <testcase classname="testScripts.FunTest" name="funTest" time="2.719"/>
  <system-out/>
</testsuite> <!-- testScripts.FunTest -->
