<?xml version="1.0" encoding="UTF-8"?>
<!-- Generated by org.testng.reporters.JUnitReportReporter -->
<testsuite hostname="SandraArun" failures="0" tests="2" name="testScripts.HomePageTest" time="13.853" errors="0" timestamp="2025-01-10T11:20:39 IST" skipped="0">
  <testcase classname="testScripts.HomePageTest" name="verifyUserisAbleToLogout" time="7.505"/>
  <system-out/>
  <testcase classname="testScripts.HomePageTest" name="verifyUserisAbleToLogout" time="6.348"/>
  <system-out/>
</testsuite> <!-- testScripts.HomePageTest -->
