<?xml version="1.0" encoding="UTF-8"?>
<!-- Generated by org.testng.reporters.JUnitReportReporter -->
<testsuite hostname="SandraArun" failures="0" tests="2" name="testScripts.HomePageTest" time="9.125" errors="0" timestamp="2025-01-09T08:59:28 IST" skipped="0">
  <testcase classname="testScripts.HomePageTest" name="verifyUserisAbleToLogout" time="3.760"/>
  <system-out/>
  <testcase classname="testScripts.HomePageTest" name="verifyUserisAbleToLogout" time="5.365"/>
  <system-out/>
</testsuite> <!-- testScripts.HomePageTest -->
