<?xml version="1.0" encoding="UTF-8"?>
<!-- Generated by org.testng.reporters.JUnitReportReporter -->
<testsuite hostname="SandraArun" failures="0" tests="2" name="testScripts.LoginPageTest" time="11.241" errors="0" timestamp="2025-01-10T11:08:33 IST" skipped="0">
  <testcase classname="testScripts.LoginPageTest" name="verifyInvalidUserNameforLogin" time="5.418"/>
  <system-out/>
  <testcase classname="testScripts.LoginPageTest" name="verifyInvalidPasswordforLogin" time="5.823"/>
  <system-out/>
</testsuite> <!-- testScripts.LoginPageTest -->
