<?xml version="1.0" encoding="UTF-8"?>
<!-- Generated by org.testng.reporters.JUnitReportReporter -->
<testsuite hostname="SandraArun" failures="0" tests="6" name="testScripts.CategoryTest" time="37.766" errors="0" timestamp="2025-01-09T08:59:28 IST" skipped="0">
  <testcase classname="testScripts.CategoryTest" name="verifyCreateNewCategory" time="7.625"/>
  <system-out/>
  <testcase classname="testScripts.CategoryTest" name="verifyCreateNewCategory" time="8.877"/>
  <system-out/>
  <testcase classname="testScripts.CategoryTest" name="verifyCategorySearch" time="5.676"/>
  <system-out/>
  <testcase classname="testScripts.CategoryTest" name="verifyCategorySearch" time="4.586"/>
  <system-out/>
  <testcase classname="testScripts.CategoryTest" name="verifyDeleteCategoryfromSearchResult" time="6.249"/>
  <system-out/>
  <testcase classname="testScripts.CategoryTest" name="verifyDeleteCategoryfromSearchResult" time="4.753"/>
  <system-out/>
</testsuite> <!-- testScripts.CategoryTest -->
