<?xml version="1.0" encoding="UTF-8"?>
<!-- Generated by org.testng.reporters.JUnitReportReporter -->
<testsuite hostname="SandraArun" failures="0" tests="2" name="testScripts.ManageNewsTest" time="10.643" errors="0" timestamp="2025-01-09T08:59:28 IST" skipped="0">
  <testcase classname="testScripts.ManageNewsTest" name="enterNewsInfo" time="6.010"/>
  <system-out/>
  <testcase classname="testScripts.ManageNewsTest" name="enterNewsInfo" time="4.633"/>
  <system-out/>
</testsuite> <!-- testScripts.ManageNewsTest -->
